INFO: [VRFC 10-163] Analyzing VHDL file "D:/Users/marco/vivado/Scoreboard/Scoreboard.srcs/sources_1/new/Final_Scoreboard.vhd" into library xil_defaultlib
INFO: [VRFC 10-3107] analyzing entity 'Final_Scoreboard'
ERROR: [VRFC 10-4982] syntax error near 'component' [D:/Users/marco/vivado/Scoreboard/Scoreboard.srcs/sources_1/new/Final_Scoreboard.vhd:38]
ERROR: [VRFC 10-2989] 'clock_period' is not declared [D:/Users/marco/vivado/Scoreboard/Scoreboard.srcs/sources_1/new/Final_Scoreboard.vhd:65]
ERROR: [VRFC 10-2989] 'debounce_reg_width' is not declared [D:/Users/marco/vivado/Scoreboard/Scoreboard.srcs/sources_1/new/Final_Scoreboard.vhd:66]
ERROR: [VRFC 10-2989] 'clock_bus' is not declared [D:/Users/marco/vivado/Scoreboard/Scoreboard.srcs/sources_1/new/Final_Scoreboard.vhd:69]
ERROR: [VRFC 10-2989] 'rst_debounced_o' is not declared [D:/Users/marco/vivado/Scoreboard/Scoreboard.srcs/sources_1/new/Final_Scoreboard.vhd:71]
ERROR: [VRFC 10-3095] actual of formal out port 'debounced_signal' cannot be an expression [D:/Users/marco/vivado/Scoreboard/Scoreboard.srcs/sources_1/new/Final_Scoreboard.vhd:71]
ERROR: [VRFC 10-2989] 'rst_deb_reg_o' is not declared [D:/Users/marco/vivado/Scoreboard/Scoreboard.srcs/sources_1/new/Final_Scoreboard.vhd:72]
ERROR: [VRFC 10-3095] actual of formal out port 'reg_out' cannot be an expression [D:/Users/marco/vivado/Scoreboard/Scoreboard.srcs/sources_1/new/Final_Scoreboard.vhd:72]
ERROR: [VRFC 10-2989] 'clock_period' is not declared [D:/Users/marco/vivado/Scoreboard/Scoreboard.srcs/sources_1/new/Final_Scoreboard.vhd:77]
ERROR: [VRFC 10-2989] 'debounce_reg_width' is not declared [D:/Users/marco/vivado/Scoreboard/Scoreboard.srcs/sources_1/new/Final_Scoreboard.vhd:78]
ERROR: [VRFC 10-2989] 'clock_bus' is not declared [D:/Users/marco/vivado/Scoreboard/Scoreboard.srcs/sources_1/new/Final_Scoreboard.vhd:81]
ERROR: [VRFC 10-2989] 'dec_debounced_o' is not declared [D:/Users/marco/vivado/Scoreboard/Scoreboard.srcs/sources_1/new/Final_Scoreboard.vhd:83]
ERROR: [VRFC 10-3095] actual of formal out port 'debounced_signal' cannot be an expression [D:/Users/marco/vivado/Scoreboard/Scoreboard.srcs/sources_1/new/Final_Scoreboard.vhd:83]
ERROR: [VRFC 10-2989] 'dec_deb_reg_o' is not declared [D:/Users/marco/vivado/Scoreboard/Scoreboard.srcs/sources_1/new/Final_Scoreboard.vhd:84]
ERROR: [VRFC 10-3095] actual of formal out port 'reg_out' cannot be an expression [D:/Users/marco/vivado/Scoreboard/Scoreboard.srcs/sources_1/new/Final_Scoreboard.vhd:84]
ERROR: [VRFC 10-2989] 'clock_period' is not declared [D:/Users/marco/vivado/Scoreboard/Scoreboard.srcs/sources_1/new/Final_Scoreboard.vhd:89]
ERROR: [VRFC 10-2989] 'debounce_reg_width' is not declared [D:/Users/marco/vivado/Scoreboard/Scoreboard.srcs/sources_1/new/Final_Scoreboard.vhd:90]
ERROR: [VRFC 10-2989] 'clock_bus' is not declared [D:/Users/marco/vivado/Scoreboard/Scoreboard.srcs/sources_1/new/Final_Scoreboard.vhd:93]
ERROR: [VRFC 10-2989] 'inc_debounced_o' is not declared [D:/Users/marco/vivado/Scoreboard/Scoreboard.srcs/sources_1/new/Final_Scoreboard.vhd:95]
INFO: [#UNDEF] Sorry, too many errors..
