Vivado Simulator v2023.2
Copyright 1986-2022 Xilinx, Inc. All Rights Reserved.
Copyright 2022-2023 Advanced Micro Devices, Inc. All Rights Reserved.
Running: D:/Xilinx/Vivado/2023.2/bin/unwrapped/win64.o/xelab.exe --incr --debug typical --relax --mt 2 -L xil_defaultlib -L secureip --snapshot Debouncer_Tb_behav xil_defaultlib.Debouncer_Tb -log elaborate.log 
Using 2 slave threads.
Starting static elaboration
Completed static elaboration
Starting simulation data flow analysis
Completed simulation data flow analysis
Time Resolution for simulation is 1ps
Compiling package std.standard
Compiling package std.textio
Compiling package ieee.std_logic_1164
Compiling package ieee.std_logic_textio
Compiling package ieee.std_logic_arith
Compiling package ieee.numeric_bit
Compiling package ieee.numeric_std
Compiling package ieee.std_logic_signed
Compiling package ieee.std_logic_unsigned
Compiling package ieee.math_real
Compiling package ieee.math_complex
Compiling architecture behavioral of entity xil_defaultlib.Debouncer [debouncer_default]
Compiling architecture arch of entity xil_defaultlib.synchronizer [synchronizer_default]
Compiling architecture simulation of entity xil_defaultlib.debouncer_tb
Built simulation snapshot Debouncer_Tb_behav
