Time resolution is 1 ps
Note: ALL REGISTERS ARE 111111111
Time: 42500 ps  Iteration: 1  Process: /Scoreboard_TB/SCORE/INCREASE/deb/line__22  File: D:/Users/marco/vivado/Scoreboard/Scoreboard.srcs/sources_1/new/Debouncer.vhd
Note: Synchronizer Flag Set 1
Time: 42500 ps  Iteration: 2  Process: /Scoreboard_TB/SCORE/INCREASE/syn/line__21  File: D:/Users/marco/vivado/Scoreboard/Scoreboard.srcs/sources_1/new/Synchronizer.vhd
Note: ALL REGISTERS ARE 111111111
Time: 45 ns  Iteration: 1  Process: /Scoreboard_TB/SCORE/INCREASE/deb/line__22  File: D:/Users/marco/vivado/Scoreboard/Scoreboard.srcs/sources_1/new/Debouncer.vhd
Note: Synchronizer data_out Set 1
Time: 45 ns  Iteration: 1  Process: /Scoreboard_TB/SCORE/INCREASE/syn/line__21  File: D:/Users/marco/vivado/Scoreboard/Scoreboard.srcs/sources_1/new/Synchronizer.vhd
Note: ALL REGISTERS ARE 111111111
Time: 47500 ps  Iteration: 1  Process: /Scoreboard_TB/SCORE/INCREASE/deb/line__22  File: D:/Users/marco/vivado/Scoreboard/Scoreboard.srcs/sources_1/new/Debouncer.vhd
Note: Synchronizer data_out Set 0
Time: 47500 ps  Iteration: 1  Process: /Scoreboard_TB/SCORE/INCREASE/syn/line__21  File: D:/Users/marco/vivado/Scoreboard/Scoreboard.srcs/sources_1/new/Synchronizer.vhd
Note: ALL REGISTERS ARE 111111111
Time: 50 ns  Iteration: 1  Process: /Scoreboard_TB/SCORE/INCREASE/deb/line__22  File: D:/Users/marco/vivado/Scoreboard/Scoreboard.srcs/sources_1/new/Debouncer.vhd
Note: ALL REGISTERS ARE 111111111
Time: 52500 ps  Iteration: 1  Process: /Scoreboard_TB/SCORE/INCREASE/deb/line__22  File: D:/Users/marco/vivado/Scoreboard/Scoreboard.srcs/sources_1/new/Debouncer.vhd
Note: ALL REGISTERS ARE 111111111
Time: 55 ns  Iteration: 1  Process: /Scoreboard_TB/SCORE/INCREASE/deb/line__22  File: D:/Users/marco/vivado/Scoreboard/Scoreboard.srcs/sources_1/new/Debouncer.vhd
Note: ALL REGISTERS ARE 111111111
Time: 57500 ps  Iteration: 1  Process: /Scoreboard_TB/SCORE/INCREASE/deb/line__22  File: D:/Users/marco/vivado/Scoreboard/Scoreboard.srcs/sources_1/new/Debouncer.vhd
Note: ALL REGISTERS ARE 111111111
Time: 60 ns  Iteration: 1  Process: /Scoreboard_TB/SCORE/INCREASE/deb/line__22  File: D:/Users/marco/vivado/Scoreboard/Scoreboard.srcs/sources_1/new/Debouncer.vhd
Note: ALL REGISTERS ARE 111111111
Time: 62500 ps  Iteration: 1  Process: /Scoreboard_TB/SCORE/INCREASE/deb/line__22  File: D:/Users/marco/vivado/Scoreboard/Scoreboard.srcs/sources_1/new/Debouncer.vhd
Note: ALL REGISTERS ARE 111111111
Time: 65 ns  Iteration: 1  Process: /Scoreboard_TB/SCORE/INCREASE/deb/line__22  File: D:/Users/marco/vivado/Scoreboard/Scoreboard.srcs/sources_1/new/Debouncer.vhd
Note: ALL REGISTERS ARE 111111111
Time: 67500 ps  Iteration: 1  Process: /Scoreboard_TB/SCORE/INCREASE/deb/line__22  File: D:/Users/marco/vivado/Scoreboard/Scoreboard.srcs/sources_1/new/Debouncer.vhd
Note: ALL REGISTERS ARE 111111111
Time: 70 ns  Iteration: 1  Process: /Scoreboard_TB/SCORE/INCREASE/deb/line__22  File: D:/Users/marco/vivado/Scoreboard/Scoreboard.srcs/sources_1/new/Debouncer.vhd
Note: ALL REGISTERS ARE 111111111
Time: 72500 ps  Iteration: 1  Process: /Scoreboard_TB/SCORE/INCREASE/deb/line__22  File: D:/Users/marco/vivado/Scoreboard/Scoreboard.srcs/sources_1/new/Debouncer.vhd
Note: ALL REGISTERS ARE 111111111
Time: 75 ns  Iteration: 1  Process: /Scoreboard_TB/SCORE/INCREASE/deb/line__22  File: D:/Users/marco/vivado/Scoreboard/Scoreboard.srcs/sources_1/new/Debouncer.vhd
Note: ALL REGISTERS ARE 111111111
Time: 77500 ps  Iteration: 1  Process: /Scoreboard_TB/SCORE/INCREASE/deb/line__22  File: D:/Users/marco/vivado/Scoreboard/Scoreboard.srcs/sources_1/new/Debouncer.vhd
Note: ALL REGISTERS ARE 111111111
Time: 80 ns  Iteration: 1  Process: /Scoreboard_TB/SCORE/INCREASE/deb/line__22  File: D:/Users/marco/vivado/Scoreboard/Scoreboard.srcs/sources_1/new/Debouncer.vhd
Note: ALL REGISTERS ARE 111111111
Time: 82500 ps  Iteration: 1  Process: /Scoreboard_TB/SCORE/INCREASE/deb/line__22  File: D:/Users/marco/vivado/Scoreboard/Scoreboard.srcs/sources_1/new/Debouncer.vhd
Note: ALL REGISTERS ARE 111111111
Time: 85 ns  Iteration: 1  Process: /Scoreboard_TB/SCORE/INCREASE/deb/line__22  File: D:/Users/marco/vivado/Scoreboard/Scoreboard.srcs/sources_1/new/Debouncer.vhd
Note: ALL REGISTERS ARE 111111111
Time: 87500 ps  Iteration: 1  Process: /Scoreboard_TB/SCORE/INCREASE/deb/line__22  File: D:/Users/marco/vivado/Scoreboard/Scoreboard.srcs/sources_1/new/Debouncer.vhd
Note: ALL REGISTERS ARE 111111111
Time: 90 ns  Iteration: 1  Process: /Scoreboard_TB/SCORE/INCREASE/deb/line__22  File: D:/Users/marco/vivado/Scoreboard/Scoreboard.srcs/sources_1/new/Debouncer.vhd
Note: ALL REGISTERS ARE 111111111
Time: 92500 ps  Iteration: 1  Process: /Scoreboard_TB/SCORE/INCREASE/deb/line__22  File: D:/Users/marco/vivado/Scoreboard/Scoreboard.srcs/sources_1/new/Debouncer.vhd
Note: ALL REGISTERS ARE 111111111
Time: 95 ns  Iteration: 1  Process: /Scoreboard_TB/SCORE/INCREASE/deb/line__22  File: D:/Users/marco/vivado/Scoreboard/Scoreboard.srcs/sources_1/new/Debouncer.vhd
Note: ALL REGISTERS ARE 111111111
Time: 97500 ps  Iteration: 1  Process: /Scoreboard_TB/SCORE/INCREASE/deb/line__22  File: D:/Users/marco/vivado/Scoreboard/Scoreboard.srcs/sources_1/new/Debouncer.vhd
Note: ALL REGISTERS ARE 111111111
Time: 100 ns  Iteration: 1  Process: /Scoreboard_TB/SCORE/INCREASE/deb/line__22  File: D:/Users/marco/vivado/Scoreboard/Scoreboard.srcs/sources_1/new/Debouncer.vhd
Note: ALL REGISTERS ARE 111111111
Time: 142500 ps  Iteration: 1  Process: /Scoreboard_TB/SCORE/INCREASE/deb/line__22  File: D:/Users/marco/vivado/Scoreboard/Scoreboard.srcs/sources_1/new/Debouncer.vhd
Note: Synchronizer Flag Set 1
Time: 142500 ps  Iteration: 2  Process: /Scoreboard_TB/SCORE/INCREASE/syn/line__21  File: D:/Users/marco/vivado/Scoreboard/Scoreboard.srcs/sources_1/new/Synchronizer.vhd
Note: ALL REGISTERS ARE 111111111
Time: 145 ns  Iteration: 1  Process: /Scoreboard_TB/SCORE/INCREASE/deb/line__22  File: D:/Users/marco/vivado/Scoreboard/Scoreboard.srcs/sources_1/new/Debouncer.vhd
Note: Synchronizer data_out Set 1
Time: 145 ns  Iteration: 1  Process: /Scoreboard_TB/SCORE/INCREASE/syn/line__21  File: D:/Users/marco/vivado/Scoreboard/Scoreboard.srcs/sources_1/new/Synchronizer.vhd
Note: ALL REGISTERS ARE 111111111
Time: 147500 ps  Iteration: 1  Process: /Scoreboard_TB/SCORE/INCREASE/deb/line__22  File: D:/Users/marco/vivado/Scoreboard/Scoreboard.srcs/sources_1/new/Debouncer.vhd
Note: Synchronizer data_out Set 0
Time: 147500 ps  Iteration: 1  Process: /Scoreboard_TB/SCORE/INCREASE/syn/line__21  File: D:/Users/marco/vivado/Scoreboard/Scoreboard.srcs/sources_1/new/Synchronizer.vhd
Note: ALL REGISTERS ARE 111111111
Time: 150 ns  Iteration: 1  Process: /Scoreboard_TB/SCORE/INCREASE/deb/line__22  File: D:/Users/marco/vivado/Scoreboard/Scoreboard.srcs/sources_1/new/Debouncer.vhd
Note: ALL REGISTERS ARE 111111111
Time: 152500 ps  Iteration: 1  Process: /Scoreboard_TB/SCORE/INCREASE/deb/line__22  File: D:/Users/marco/vivado/Scoreboard/Scoreboard.srcs/sources_1/new/Debouncer.vhd
Note: ALL REGISTERS ARE 111111111
Time: 155 ns  Iteration: 1  Process: /Scoreboard_TB/SCORE/INCREASE/deb/line__22  File: D:/Users/marco/vivado/Scoreboard/Scoreboard.srcs/sources_1/new/Debouncer.vhd
Note: ALL REGISTERS ARE 111111111
Time: 157500 ps  Iteration: 1  Process: /Scoreboard_TB/SCORE/INCREASE/deb/line__22  File: D:/Users/marco/vivado/Scoreboard/Scoreboard.srcs/sources_1/new/Debouncer.vhd
Note: ALL REGISTERS ARE 111111111
Time: 160 ns  Iteration: 1  Process: /Scoreboard_TB/SCORE/INCREASE/deb/line__22  File: D:/Users/marco/vivado/Scoreboard/Scoreboard.srcs/sources_1/new/Debouncer.vhd
Note: ALL REGISTERS ARE 111111111
Time: 162500 ps  Iteration: 1  Process: /Scoreboard_TB/SCORE/INCREASE/deb/line__22  File: D:/Users/marco/vivado/Scoreboard/Scoreboard.srcs/sources_1/new/Debouncer.vhd
Note: ALL REGISTERS ARE 111111111
Time: 165 ns  Iteration: 1  Process: /Scoreboard_TB/SCORE/INCREASE/deb/line__22  File: D:/Users/marco/vivado/Scoreboard/Scoreboard.srcs/sources_1/new/Debouncer.vhd
Note: ALL REGISTERS ARE 111111111
Time: 167500 ps  Iteration: 1  Process: /Scoreboard_TB/SCORE/INCREASE/deb/line__22  File: D:/Users/marco/vivado/Scoreboard/Scoreboard.srcs/sources_1/new/Debouncer.vhd
Note: ALL REGISTERS ARE 111111111
Time: 170 ns  Iteration: 1  Process: /Scoreboard_TB/SCORE/INCREASE/deb/line__22  File: D:/Users/marco/vivado/Scoreboard/Scoreboard.srcs/sources_1/new/Debouncer.vhd
Note: ALL REGISTERS ARE 111111111
Time: 172500 ps  Iteration: 1  Process: /Scoreboard_TB/SCORE/INCREASE/deb/line__22  File: D:/Users/marco/vivado/Scoreboard/Scoreboard.srcs/sources_1/new/Debouncer.vhd
Note: ALL REGISTERS ARE 111111111
Time: 175 ns  Iteration: 1  Process: /Scoreboard_TB/SCORE/INCREASE/deb/line__22  File: D:/Users/marco/vivado/Scoreboard/Scoreboard.srcs/sources_1/new/Debouncer.vhd
Note: ALL REGISTERS ARE 111111111
Time: 177500 ps  Iteration: 1  Process: /Scoreboard_TB/SCORE/INCREASE/deb/line__22  File: D:/Users/marco/vivado/Scoreboard/Scoreboard.srcs/sources_1/new/Debouncer.vhd
Note: ALL REGISTERS ARE 111111111
Time: 180 ns  Iteration: 1  Process: /Scoreboard_TB/SCORE/INCREASE/deb/line__22  File: D:/Users/marco/vivado/Scoreboard/Scoreboard.srcs/sources_1/new/Debouncer.vhd
Note: ALL REGISTERS ARE 111111111
Time: 182500 ps  Iteration: 1  Process: /Scoreboard_TB/SCORE/INCREASE/deb/line__22  File: D:/Users/marco/vivado/Scoreboard/Scoreboard.srcs/sources_1/new/Debouncer.vhd
Note: ALL REGISTERS ARE 111111111
Time: 185 ns  Iteration: 1  Process: /Scoreboard_TB/SCORE/INCREASE/deb/line__22  File: D:/Users/marco/vivado/Scoreboard/Scoreboard.srcs/sources_1/new/Debouncer.vhd
Note: ALL REGISTERS ARE 111111111
Time: 187500 ps  Iteration: 1  Process: /Scoreboard_TB/SCORE/INCREASE/deb/line__22  File: D:/Users/marco/vivado/Scoreboard/Scoreboard.srcs/sources_1/new/Debouncer.vhd
Note: ALL REGISTERS ARE 111111111
Time: 190 ns  Iteration: 1  Process: /Scoreboard_TB/SCORE/INCREASE/deb/line__22  File: D:/Users/marco/vivado/Scoreboard/Scoreboard.srcs/sources_1/new/Debouncer.vhd
Note: ALL REGISTERS ARE 111111111
Time: 192500 ps  Iteration: 1  Process: /Scoreboard_TB/SCORE/INCREASE/deb/line__22  File: D:/Users/marco/vivado/Scoreboard/Scoreboard.srcs/sources_1/new/Debouncer.vhd
Note: ALL REGISTERS ARE 111111111
Time: 195 ns  Iteration: 1  Process: /Scoreboard_TB/SCORE/INCREASE/deb/line__22  File: D:/Users/marco/vivado/Scoreboard/Scoreboard.srcs/sources_1/new/Debouncer.vhd
Note: ALL REGISTERS ARE 111111111
Time: 197500 ps  Iteration: 1  Process: /Scoreboard_TB/SCORE/INCREASE/deb/line__22  File: D:/Users/marco/vivado/Scoreboard/Scoreboard.srcs/sources_1/new/Debouncer.vhd
Note: ALL REGISTERS ARE 111111111
Time: 200 ns  Iteration: 1  Process: /Scoreboard_TB/SCORE/INCREASE/deb/line__22  File: D:/Users/marco/vivado/Scoreboard/Scoreboard.srcs/sources_1/new/Debouncer.vhd
Note: ALL REGISTERS ARE 111111111
Time: 242500 ps  Iteration: 1  Process: /Scoreboard_TB/SCORE/INCREASE/deb/line__22  File: D:/Users/marco/vivado/Scoreboard/Scoreboard.srcs/sources_1/new/Debouncer.vhd
Note: Synchronizer Flag Set 1
Time: 242500 ps  Iteration: 2  Process: /Scoreboard_TB/SCORE/INCREASE/syn/line__21  File: D:/Users/marco/vivado/Scoreboard/Scoreboard.srcs/sources_1/new/Synchronizer.vhd
Note: ALL REGISTERS ARE 111111111
Time: 245 ns  Iteration: 1  Process: /Scoreboard_TB/SCORE/INCREASE/deb/line__22  File: D:/Users/marco/vivado/Scoreboard/Scoreboard.srcs/sources_1/new/Debouncer.vhd
Note: Synchronizer data_out Set 1
Time: 245 ns  Iteration: 1  Process: /Scoreboard_TB/SCORE/INCREASE/syn/line__21  File: D:/Users/marco/vivado/Scoreboard/Scoreboard.srcs/sources_1/new/Synchronizer.vhd
Note: ALL REGISTERS ARE 111111111
Time: 247500 ps  Iteration: 1  Process: /Scoreboard_TB/SCORE/INCREASE/deb/line__22  File: D:/Users/marco/vivado/Scoreboard/Scoreboard.srcs/sources_1/new/Debouncer.vhd
Note: Synchronizer data_out Set 0
Time: 247500 ps  Iteration: 1  Process: /Scoreboard_TB/SCORE/INCREASE/syn/line__21  File: D:/Users/marco/vivado/Scoreboard/Scoreboard.srcs/sources_1/new/Synchronizer.vhd
Note: ALL REGISTERS ARE 111111111
Time: 250 ns  Iteration: 1  Process: /Scoreboard_TB/SCORE/INCREASE/deb/line__22  File: D:/Users/marco/vivado/Scoreboard/Scoreboard.srcs/sources_1/new/Debouncer.vhd
Note: ALL REGISTERS ARE 111111111
Time: 252500 ps  Iteration: 1  Process: /Scoreboard_TB/SCORE/INCREASE/deb/line__22  File: D:/Users/marco/vivado/Scoreboard/Scoreboard.srcs/sources_1/new/Debouncer.vhd
Note: ALL REGISTERS ARE 111111111
Time: 255 ns  Iteration: 1  Process: /Scoreboard_TB/SCORE/INCREASE/deb/line__22  File: D:/Users/marco/vivado/Scoreboard/Scoreboard.srcs/sources_1/new/Debouncer.vhd
Note: ALL REGISTERS ARE 111111111
Time: 257500 ps  Iteration: 1  Process: /Scoreboard_TB/SCORE/INCREASE/deb/line__22  File: D:/Users/marco/vivado/Scoreboard/Scoreboard.srcs/sources_1/new/Debouncer.vhd
Note: ALL REGISTERS ARE 111111111
Time: 260 ns  Iteration: 1  Process: /Scoreboard_TB/SCORE/INCREASE/deb/line__22  File: D:/Users/marco/vivado/Scoreboard/Scoreboard.srcs/sources_1/new/Debouncer.vhd
Note: ALL REGISTERS ARE 111111111
Time: 262500 ps  Iteration: 1  Process: /Scoreboard_TB/SCORE/INCREASE/deb/line__22  File: D:/Users/marco/vivado/Scoreboard/Scoreboard.srcs/sources_1/new/Debouncer.vhd
Note: ALL REGISTERS ARE 111111111
Time: 265 ns  Iteration: 1  Process: /Scoreboard_TB/SCORE/INCREASE/deb/line__22  File: D:/Users/marco/vivado/Scoreboard/Scoreboard.srcs/sources_1/new/Debouncer.vhd
Note: ALL REGISTERS ARE 111111111
Time: 267500 ps  Iteration: 1  Process: /Scoreboard_TB/SCORE/INCREASE/deb/line__22  File: D:/Users/marco/vivado/Scoreboard/Scoreboard.srcs/sources_1/new/Debouncer.vhd
Note: ALL REGISTERS ARE 111111111
Time: 270 ns  Iteration: 1  Process: /Scoreboard_TB/SCORE/INCREASE/deb/line__22  File: D:/Users/marco/vivado/Scoreboard/Scoreboard.srcs/sources_1/new/Debouncer.vhd
Note: ALL REGISTERS ARE 111111111
Time: 272500 ps  Iteration: 1  Process: /Scoreboard_TB/SCORE/INCREASE/deb/line__22  File: D:/Users/marco/vivado/Scoreboard/Scoreboard.srcs/sources_1/new/Debouncer.vhd
Note: ALL REGISTERS ARE 111111111
Time: 275 ns  Iteration: 1  Process: /Scoreboard_TB/SCORE/INCREASE/deb/line__22  File: D:/Users/marco/vivado/Scoreboard/Scoreboard.srcs/sources_1/new/Debouncer.vhd
Note: ALL REGISTERS ARE 111111111
Time: 277500 ps  Iteration: 1  Process: /Scoreboard_TB/SCORE/INCREASE/deb/line__22  File: D:/Users/marco/vivado/Scoreboard/Scoreboard.srcs/sources_1/new/Debouncer.vhd
Note: ALL REGISTERS ARE 111111111
Time: 280 ns  Iteration: 1  Process: /Scoreboard_TB/SCORE/INCREASE/deb/line__22  File: D:/Users/marco/vivado/Scoreboard/Scoreboard.srcs/sources_1/new/Debouncer.vhd
Note: ALL REGISTERS ARE 111111111
Time: 282500 ps  Iteration: 1  Process: /Scoreboard_TB/SCORE/INCREASE/deb/line__22  File: D:/Users/marco/vivado/Scoreboard/Scoreboard.srcs/sources_1/new/Debouncer.vhd
Note: ALL REGISTERS ARE 111111111
Time: 285 ns  Iteration: 1  Process: /Scoreboard_TB/SCORE/INCREASE/deb/line__22  File: D:/Users/marco/vivado/Scoreboard/Scoreboard.srcs/sources_1/new/Debouncer.vhd
Note: ALL REGISTERS ARE 111111111
Time: 287500 ps  Iteration: 1  Process: /Scoreboard_TB/SCORE/INCREASE/deb/line__22  File: D:/Users/marco/vivado/Scoreboard/Scoreboard.srcs/sources_1/new/Debouncer.vhd
Note: ALL REGISTERS ARE 111111111
Time: 290 ns  Iteration: 1  Process: /Scoreboard_TB/SCORE/INCREASE/deb/line__22  File: D:/Users/marco/vivado/Scoreboard/Scoreboard.srcs/sources_1/new/Debouncer.vhd
Note: ALL REGISTERS ARE 111111111
Time: 292500 ps  Iteration: 1  Process: /Scoreboard_TB/SCORE/INCREASE/deb/line__22  File: D:/Users/marco/vivado/Scoreboard/Scoreboard.srcs/sources_1/new/Debouncer.vhd
Note: ALL REGISTERS ARE 111111111
Time: 295 ns  Iteration: 1  Process: /Scoreboard_TB/SCORE/INCREASE/deb/line__22  File: D:/Users/marco/vivado/Scoreboard/Scoreboard.srcs/sources_1/new/Debouncer.vhd
Note: ALL REGISTERS ARE 111111111
Time: 297500 ps  Iteration: 1  Process: /Scoreboard_TB/SCORE/INCREASE/deb/line__22  File: D:/Users/marco/vivado/Scoreboard/Scoreboard.srcs/sources_1/new/Debouncer.vhd
Note: ALL REGISTERS ARE 111111111
Time: 300 ns  Iteration: 1  Process: /Scoreboard_TB/SCORE/INCREASE/deb/line__22  File: D:/Users/marco/vivado/Scoreboard/Scoreboard.srcs/sources_1/new/Debouncer.vhd
Note: ALL REGISTERS ARE 111111111
Time: 342500 ps  Iteration: 1  Process: /Scoreboard_TB/SCORE/INCREASE/deb/line__22  File: D:/Users/marco/vivado/Scoreboard/Scoreboard.srcs/sources_1/new/Debouncer.vhd
Note: Synchronizer Flag Set 1
Time: 342500 ps  Iteration: 2  Process: /Scoreboard_TB/SCORE/INCREASE/syn/line__21  File: D:/Users/marco/vivado/Scoreboard/Scoreboard.srcs/sources_1/new/Synchronizer.vhd
Note: ALL REGISTERS ARE 111111111
Time: 345 ns  Iteration: 1  Process: /Scoreboard_TB/SCORE/INCREASE/deb/line__22  File: D:/Users/marco/vivado/Scoreboard/Scoreboard.srcs/sources_1/new/Debouncer.vhd
Note: Synchronizer data_out Set 1
Time: 345 ns  Iteration: 1  Process: /Scoreboard_TB/SCORE/INCREASE/syn/line__21  File: D:/Users/marco/vivado/Scoreboard/Scoreboard.srcs/sources_1/new/Synchronizer.vhd
Note: ALL REGISTERS ARE 111111111
Time: 347500 ps  Iteration: 1  Process: /Scoreboard_TB/SCORE/INCREASE/deb/line__22  File: D:/Users/marco/vivado/Scoreboard/Scoreboard.srcs/sources_1/new/Debouncer.vhd
Note: Synchronizer data_out Set 0
Time: 347500 ps  Iteration: 1  Process: /Scoreboard_TB/SCORE/INCREASE/syn/line__21  File: D:/Users/marco/vivado/Scoreboard/Scoreboard.srcs/sources_1/new/Synchronizer.vhd
Note: ALL REGISTERS ARE 111111111
Time: 350 ns  Iteration: 1  Process: /Scoreboard_TB/SCORE/INCREASE/deb/line__22  File: D:/Users/marco/vivado/Scoreboard/Scoreboard.srcs/sources_1/new/Debouncer.vhd
Note: ALL REGISTERS ARE 111111111
Time: 352500 ps  Iteration: 1  Process: /Scoreboard_TB/SCORE/INCREASE/deb/line__22  File: D:/Users/marco/vivado/Scoreboard/Scoreboard.srcs/sources_1/new/Debouncer.vhd
Note: ALL REGISTERS ARE 111111111
Time: 355 ns  Iteration: 1  Process: /Scoreboard_TB/SCORE/INCREASE/deb/line__22  File: D:/Users/marco/vivado/Scoreboard/Scoreboard.srcs/sources_1/new/Debouncer.vhd
Note: ALL REGISTERS ARE 111111111
Time: 357500 ps  Iteration: 1  Process: /Scoreboard_TB/SCORE/INCREASE/deb/line__22  File: D:/Users/marco/vivado/Scoreboard/Scoreboard.srcs/sources_1/new/Debouncer.vhd
Note: ALL REGISTERS ARE 111111111
Time: 360 ns  Iteration: 1  Process: /Scoreboard_TB/SCORE/INCREASE/deb/line__22  File: D:/Users/marco/vivado/Scoreboard/Scoreboard.srcs/sources_1/new/Debouncer.vhd
Note: ALL REGISTERS ARE 111111111
Time: 362500 ps  Iteration: 1  Process: /Scoreboard_TB/SCORE/INCREASE/deb/line__22  File: D:/Users/marco/vivado/Scoreboard/Scoreboard.srcs/sources_1/new/Debouncer.vhd
Note: ALL REGISTERS ARE 111111111
Time: 365 ns  Iteration: 1  Process: /Scoreboard_TB/SCORE/INCREASE/deb/line__22  File: D:/Users/marco/vivado/Scoreboard/Scoreboard.srcs/sources_1/new/Debouncer.vhd
Note: ALL REGISTERS ARE 111111111
Time: 367500 ps  Iteration: 1  Process: /Scoreboard_TB/SCORE/INCREASE/deb/line__22  File: D:/Users/marco/vivado/Scoreboard/Scoreboard.srcs/sources_1/new/Debouncer.vhd
Note: ALL REGISTERS ARE 111111111
Time: 370 ns  Iteration: 1  Process: /Scoreboard_TB/SCORE/INCREASE/deb/line__22  File: D:/Users/marco/vivado/Scoreboard/Scoreboard.srcs/sources_1/new/Debouncer.vhd
Note: ALL REGISTERS ARE 111111111
Time: 372500 ps  Iteration: 1  Process: /Scoreboard_TB/SCORE/INCREASE/deb/line__22  File: D:/Users/marco/vivado/Scoreboard/Scoreboard.srcs/sources_1/new/Debouncer.vhd
Note: ALL REGISTERS ARE 111111111
Time: 375 ns  Iteration: 1  Process: /Scoreboard_TB/SCORE/INCREASE/deb/line__22  File: D:/Users/marco/vivado/Scoreboard/Scoreboard.srcs/sources_1/new/Debouncer.vhd
Note: ALL REGISTERS ARE 111111111
Time: 377500 ps  Iteration: 1  Process: /Scoreboard_TB/SCORE/INCREASE/deb/line__22  File: D:/Users/marco/vivado/Scoreboard/Scoreboard.srcs/sources_1/new/Debouncer.vhd
Note: ALL REGISTERS ARE 111111111
Time: 380 ns  Iteration: 1  Process: /Scoreboard_TB/SCORE/INCREASE/deb/line__22  File: D:/Users/marco/vivado/Scoreboard/Scoreboard.srcs/sources_1/new/Debouncer.vhd
Note: ALL REGISTERS ARE 111111111
Time: 382500 ps  Iteration: 1  Process: /Scoreboard_TB/SCORE/INCREASE/deb/line__22  File: D:/Users/marco/vivado/Scoreboard/Scoreboard.srcs/sources_1/new/Debouncer.vhd
Note: ALL REGISTERS ARE 111111111
Time: 385 ns  Iteration: 1  Process: /Scoreboard_TB/SCORE/INCREASE/deb/line__22  File: D:/Users/marco/vivado/Scoreboard/Scoreboard.srcs/sources_1/new/Debouncer.vhd
Note: ALL REGISTERS ARE 111111111
Time: 387500 ps  Iteration: 1  Process: /Scoreboard_TB/SCORE/INCREASE/deb/line__22  File: D:/Users/marco/vivado/Scoreboard/Scoreboard.srcs/sources_1/new/Debouncer.vhd
Note: ALL REGISTERS ARE 111111111
Time: 390 ns  Iteration: 1  Process: /Scoreboard_TB/SCORE/INCREASE/deb/line__22  File: D:/Users/marco/vivado/Scoreboard/Scoreboard.srcs/sources_1/new/Debouncer.vhd
Note: ALL REGISTERS ARE 111111111
Time: 392500 ps  Iteration: 1  Process: /Scoreboard_TB/SCORE/INCREASE/deb/line__22  File: D:/Users/marco/vivado/Scoreboard/Scoreboard.srcs/sources_1/new/Debouncer.vhd
Note: ALL REGISTERS ARE 111111111
Time: 395 ns  Iteration: 1  Process: /Scoreboard_TB/SCORE/INCREASE/deb/line__22  File: D:/Users/marco/vivado/Scoreboard/Scoreboard.srcs/sources_1/new/Debouncer.vhd
Note: ALL REGISTERS ARE 111111111
Time: 397500 ps  Iteration: 1  Process: /Scoreboard_TB/SCORE/INCREASE/deb/line__22  File: D:/Users/marco/vivado/Scoreboard/Scoreboard.srcs/sources_1/new/Debouncer.vhd
Note: ALL REGISTERS ARE 111111111
Time: 400 ns  Iteration: 1  Process: /Scoreboard_TB/SCORE/INCREASE/deb/line__22  File: D:/Users/marco/vivado/Scoreboard/Scoreboard.srcs/sources_1/new/Debouncer.vhd
Note: ALL REGISTERS ARE 111111111
Time: 442500 ps  Iteration: 1  Process: /Scoreboard_TB/SCORE/INCREASE/deb/line__22  File: D:/Users/marco/vivado/Scoreboard/Scoreboard.srcs/sources_1/new/Debouncer.vhd
Note: Synchronizer Flag Set 1
Time: 442500 ps  Iteration: 2  Process: /Scoreboard_TB/SCORE/INCREASE/syn/line__21  File: D:/Users/marco/vivado/Scoreboard/Scoreboard.srcs/sources_1/new/Synchronizer.vhd
Note: ALL REGISTERS ARE 111111111
Time: 445 ns  Iteration: 1  Process: /Scoreboard_TB/SCORE/INCREASE/deb/line__22  File: D:/Users/marco/vivado/Scoreboard/Scoreboard.srcs/sources_1/new/Debouncer.vhd
Note: Synchronizer data_out Set 1
Time: 445 ns  Iteration: 1  Process: /Scoreboard_TB/SCORE/INCREASE/syn/line__21  File: D:/Users/marco/vivado/Scoreboard/Scoreboard.srcs/sources_1/new/Synchronizer.vhd
Note: ALL REGISTERS ARE 111111111
Time: 447500 ps  Iteration: 1  Process: /Scoreboard_TB/SCORE/INCREASE/deb/line__22  File: D:/Users/marco/vivado/Scoreboard/Scoreboard.srcs/sources_1/new/Debouncer.vhd
Note: Synchronizer data_out Set 0
Time: 447500 ps  Iteration: 1  Process: /Scoreboard_TB/SCORE/INCREASE/syn/line__21  File: D:/Users/marco/vivado/Scoreboard/Scoreboard.srcs/sources_1/new/Synchronizer.vhd
Note: ALL REGISTERS ARE 111111111
Time: 450 ns  Iteration: 1  Process: /Scoreboard_TB/SCORE/INCREASE/deb/line__22  File: D:/Users/marco/vivado/Scoreboard/Scoreboard.srcs/sources_1/new/Debouncer.vhd
Note: ALL REGISTERS ARE 111111111
Time: 452500 ps  Iteration: 1  Process: /Scoreboard_TB/SCORE/INCREASE/deb/line__22  File: D:/Users/marco/vivado/Scoreboard/Scoreboard.srcs/sources_1/new/Debouncer.vhd
Note: ALL REGISTERS ARE 111111111
Time: 455 ns  Iteration: 1  Process: /Scoreboard_TB/SCORE/INCREASE/deb/line__22  File: D:/Users/marco/vivado/Scoreboard/Scoreboard.srcs/sources_1/new/Debouncer.vhd
Note: ALL REGISTERS ARE 111111111
Time: 457500 ps  Iteration: 1  Process: /Scoreboard_TB/SCORE/INCREASE/deb/line__22  File: D:/Users/marco/vivado/Scoreboard/Scoreboard.srcs/sources_1/new/Debouncer.vhd
Note: ALL REGISTERS ARE 111111111
Time: 460 ns  Iteration: 1  Process: /Scoreboard_TB/SCORE/INCREASE/deb/line__22  File: D:/Users/marco/vivado/Scoreboard/Scoreboard.srcs/sources_1/new/Debouncer.vhd
Note: ALL REGISTERS ARE 111111111
Time: 462500 ps  Iteration: 1  Process: /Scoreboard_TB/SCORE/INCREASE/deb/line__22  File: D:/Users/marco/vivado/Scoreboard/Scoreboard.srcs/sources_1/new/Debouncer.vhd
Note: ALL REGISTERS ARE 111111111
Time: 465 ns  Iteration: 1  Process: /Scoreboard_TB/SCORE/INCREASE/deb/line__22  File: D:/Users/marco/vivado/Scoreboard/Scoreboard.srcs/sources_1/new/Debouncer.vhd
Note: ALL REGISTERS ARE 111111111
Time: 467500 ps  Iteration: 1  Process: /Scoreboard_TB/SCORE/INCREASE/deb/line__22  File: D:/Users/marco/vivado/Scoreboard/Scoreboard.srcs/sources_1/new/Debouncer.vhd
Note: ALL REGISTERS ARE 111111111
Time: 470 ns  Iteration: 1  Process: /Scoreboard_TB/SCORE/INCREASE/deb/line__22  File: D:/Users/marco/vivado/Scoreboard/Scoreboard.srcs/sources_1/new/Debouncer.vhd
Note: ALL REGISTERS ARE 111111111
Time: 472500 ps  Iteration: 1  Process: /Scoreboard_TB/SCORE/INCREASE/deb/line__22  File: D:/Users/marco/vivado/Scoreboard/Scoreboard.srcs/sources_1/new/Debouncer.vhd
Note: ALL REGISTERS ARE 111111111
Time: 475 ns  Iteration: 1  Process: /Scoreboard_TB/SCORE/INCREASE/deb/line__22  File: D:/Users/marco/vivado/Scoreboard/Scoreboard.srcs/sources_1/new/Debouncer.vhd
Note: ALL REGISTERS ARE 111111111
Time: 477500 ps  Iteration: 1  Process: /Scoreboard_TB/SCORE/INCREASE/deb/line__22  File: D:/Users/marco/vivado/Scoreboard/Scoreboard.srcs/sources_1/new/Debouncer.vhd
Note: ALL REGISTERS ARE 111111111
Time: 480 ns  Iteration: 1  Process: /Scoreboard_TB/SCORE/INCREASE/deb/line__22  File: D:/Users/marco/vivado/Scoreboard/Scoreboard.srcs/sources_1/new/Debouncer.vhd
Note: ALL REGISTERS ARE 111111111
Time: 482500 ps  Iteration: 1  Process: /Scoreboard_TB/SCORE/INCREASE/deb/line__22  File: D:/Users/marco/vivado/Scoreboard/Scoreboard.srcs/sources_1/new/Debouncer.vhd
Note: ALL REGISTERS ARE 111111111
Time: 485 ns  Iteration: 1  Process: /Scoreboard_TB/SCORE/INCREASE/deb/line__22  File: D:/Users/marco/vivado/Scoreboard/Scoreboard.srcs/sources_1/new/Debouncer.vhd
Note: ALL REGISTERS ARE 111111111
Time: 487500 ps  Iteration: 1  Process: /Scoreboard_TB/SCORE/INCREASE/deb/line__22  File: D:/Users/marco/vivado/Scoreboard/Scoreboard.srcs/sources_1/new/Debouncer.vhd
Note: ALL REGISTERS ARE 111111111
Time: 490 ns  Iteration: 1  Process: /Scoreboard_TB/SCORE/INCREASE/deb/line__22  File: D:/Users/marco/vivado/Scoreboard/Scoreboard.srcs/sources_1/new/Debouncer.vhd
Note: ALL REGISTERS ARE 111111111
Time: 492500 ps  Iteration: 1  Process: /Scoreboard_TB/SCORE/INCREASE/deb/line__22  File: D:/Users/marco/vivado/Scoreboard/Scoreboard.srcs/sources_1/new/Debouncer.vhd
Note: ALL REGISTERS ARE 111111111
Time: 495 ns  Iteration: 1  Process: /Scoreboard_TB/SCORE/INCREASE/deb/line__22  File: D:/Users/marco/vivado/Scoreboard/Scoreboard.srcs/sources_1/new/Debouncer.vhd
Note: ALL REGISTERS ARE 111111111
Time: 497500 ps  Iteration: 1  Process: /Scoreboard_TB/SCORE/INCREASE/deb/line__22  File: D:/Users/marco/vivado/Scoreboard/Scoreboard.srcs/sources_1/new/Debouncer.vhd
Note: ALL REGISTERS ARE 111111111
Time: 500 ns  Iteration: 1  Process: /Scoreboard_TB/SCORE/INCREASE/deb/line__22  File: D:/Users/marco/vivado/Scoreboard/Scoreboard.srcs/sources_1/new/Debouncer.vhd
Note: ALL REGISTERS ARE 111111111
Time: 542500 ps  Iteration: 1  Process: /Scoreboard_TB/SCORE/INCREASE/deb/line__22  File: D:/Users/marco/vivado/Scoreboard/Scoreboard.srcs/sources_1/new/Debouncer.vhd
Note: Synchronizer Flag Set 1
Time: 542500 ps  Iteration: 2  Process: /Scoreboard_TB/SCORE/INCREASE/syn/line__21  File: D:/Users/marco/vivado/Scoreboard/Scoreboard.srcs/sources_1/new/Synchronizer.vhd
Note: ALL REGISTERS ARE 111111111
Time: 545 ns  Iteration: 1  Process: /Scoreboard_TB/SCORE/INCREASE/deb/line__22  File: D:/Users/marco/vivado/Scoreboard/Scoreboard.srcs/sources_1/new/Debouncer.vhd
Note: Synchronizer data_out Set 1
Time: 545 ns  Iteration: 1  Process: /Scoreboard_TB/SCORE/INCREASE/syn/line__21  File: D:/Users/marco/vivado/Scoreboard/Scoreboard.srcs/sources_1/new/Synchronizer.vhd
Note: ALL REGISTERS ARE 111111111
Time: 547500 ps  Iteration: 1  Process: /Scoreboard_TB/SCORE/INCREASE/deb/line__22  File: D:/Users/marco/vivado/Scoreboard/Scoreboard.srcs/sources_1/new/Debouncer.vhd
Note: Synchronizer data_out Set 0
Time: 547500 ps  Iteration: 1  Process: /Scoreboard_TB/SCORE/INCREASE/syn/line__21  File: D:/Users/marco/vivado/Scoreboard/Scoreboard.srcs/sources_1/new/Synchronizer.vhd
Note: ALL REGISTERS ARE 111111111
Time: 550 ns  Iteration: 1  Process: /Scoreboard_TB/SCORE/INCREASE/deb/line__22  File: D:/Users/marco/vivado/Scoreboard/Scoreboard.srcs/sources_1/new/Debouncer.vhd
Note: ALL REGISTERS ARE 111111111
Time: 552500 ps  Iteration: 1  Process: /Scoreboard_TB/SCORE/INCREASE/deb/line__22  File: D:/Users/marco/vivado/Scoreboard/Scoreboard.srcs/sources_1/new/Debouncer.vhd
Note: ALL REGISTERS ARE 111111111
Time: 555 ns  Iteration: 1  Process: /Scoreboard_TB/SCORE/INCREASE/deb/line__22  File: D:/Users/marco/vivado/Scoreboard/Scoreboard.srcs/sources_1/new/Debouncer.vhd
Note: ALL REGISTERS ARE 111111111
Time: 557500 ps  Iteration: 1  Process: /Scoreboard_TB/SCORE/INCREASE/deb/line__22  File: D:/Users/marco/vivado/Scoreboard/Scoreboard.srcs/sources_1/new/Debouncer.vhd
Note: ALL REGISTERS ARE 111111111
Time: 560 ns  Iteration: 1  Process: /Scoreboard_TB/SCORE/INCREASE/deb/line__22  File: D:/Users/marco/vivado/Scoreboard/Scoreboard.srcs/sources_1/new/Debouncer.vhd
Note: ALL REGISTERS ARE 111111111
Time: 562500 ps  Iteration: 1  Process: /Scoreboard_TB/SCORE/INCREASE/deb/line__22  File: D:/Users/marco/vivado/Scoreboard/Scoreboard.srcs/sources_1/new/Debouncer.vhd
Note: ALL REGISTERS ARE 111111111
Time: 565 ns  Iteration: 1  Process: /Scoreboard_TB/SCORE/INCREASE/deb/line__22  File: D:/Users/marco/vivado/Scoreboard/Scoreboard.srcs/sources_1/new/Debouncer.vhd
Note: ALL REGISTERS ARE 111111111
Time: 567500 ps  Iteration: 1  Process: /Scoreboard_TB/SCORE/INCREASE/deb/line__22  File: D:/Users/marco/vivado/Scoreboard/Scoreboard.srcs/sources_1/new/Debouncer.vhd
Note: ALL REGISTERS ARE 111111111
Time: 570 ns  Iteration: 1  Process: /Scoreboard_TB/SCORE/INCREASE/deb/line__22  File: D:/Users/marco/vivado/Scoreboard/Scoreboard.srcs/sources_1/new/Debouncer.vhd
Note: ALL REGISTERS ARE 111111111
Time: 572500 ps  Iteration: 1  Process: /Scoreboard_TB/SCORE/INCREASE/deb/line__22  File: D:/Users/marco/vivado/Scoreboard/Scoreboard.srcs/sources_1/new/Debouncer.vhd
Note: ALL REGISTERS ARE 111111111
Time: 575 ns  Iteration: 1  Process: /Scoreboard_TB/SCORE/INCREASE/deb/line__22  File: D:/Users/marco/vivado/Scoreboard/Scoreboard.srcs/sources_1/new/Debouncer.vhd
Note: ALL REGISTERS ARE 111111111
Time: 577500 ps  Iteration: 1  Process: /Scoreboard_TB/SCORE/INCREASE/deb/line__22  File: D:/Users/marco/vivado/Scoreboard/Scoreboard.srcs/sources_1/new/Debouncer.vhd
Note: ALL REGISTERS ARE 111111111
Time: 580 ns  Iteration: 1  Process: /Scoreboard_TB/SCORE/INCREASE/deb/line__22  File: D:/Users/marco/vivado/Scoreboard/Scoreboard.srcs/sources_1/new/Debouncer.vhd
Note: ALL REGISTERS ARE 111111111
Time: 582500 ps  Iteration: 1  Process: /Scoreboard_TB/SCORE/INCREASE/deb/line__22  File: D:/Users/marco/vivado/Scoreboard/Scoreboard.srcs/sources_1/new/Debouncer.vhd
Note: ALL REGISTERS ARE 111111111
Time: 585 ns  Iteration: 1  Process: /Scoreboard_TB/SCORE/INCREASE/deb/line__22  File: D:/Users/marco/vivado/Scoreboard/Scoreboard.srcs/sources_1/new/Debouncer.vhd
Note: ALL REGISTERS ARE 111111111
Time: 587500 ps  Iteration: 1  Process: /Scoreboard_TB/SCORE/INCREASE/deb/line__22  File: D:/Users/marco/vivado/Scoreboard/Scoreboard.srcs/sources_1/new/Debouncer.vhd
Note: ALL REGISTERS ARE 111111111
Time: 590 ns  Iteration: 1  Process: /Scoreboard_TB/SCORE/INCREASE/deb/line__22  File: D:/Users/marco/vivado/Scoreboard/Scoreboard.srcs/sources_1/new/Debouncer.vhd
Note: ALL REGISTERS ARE 111111111
Time: 592500 ps  Iteration: 1  Process: /Scoreboard_TB/SCORE/INCREASE/deb/line__22  File: D:/Users/marco/vivado/Scoreboard/Scoreboard.srcs/sources_1/new/Debouncer.vhd
Note: ALL REGISTERS ARE 111111111
Time: 595 ns  Iteration: 1  Process: /Scoreboard_TB/SCORE/INCREASE/deb/line__22  File: D:/Users/marco/vivado/Scoreboard/Scoreboard.srcs/sources_1/new/Debouncer.vhd
Note: ALL REGISTERS ARE 111111111
Time: 597500 ps  Iteration: 1  Process: /Scoreboard_TB/SCORE/INCREASE/deb/line__22  File: D:/Users/marco/vivado/Scoreboard/Scoreboard.srcs/sources_1/new/Debouncer.vhd
Note: ALL REGISTERS ARE 111111111
Time: 600 ns  Iteration: 1  Process: /Scoreboard_TB/SCORE/INCREASE/deb/line__22  File: D:/Users/marco/vivado/Scoreboard/Scoreboard.srcs/sources_1/new/Debouncer.vhd
Note: ALL REGISTERS ARE 111111111
Time: 642500 ps  Iteration: 1  Process: /Scoreboard_TB/SCORE/INCREASE/deb/line__22  File: D:/Users/marco/vivado/Scoreboard/Scoreboard.srcs/sources_1/new/Debouncer.vhd
Note: Synchronizer Flag Set 1
Time: 642500 ps  Iteration: 2  Process: /Scoreboard_TB/SCORE/INCREASE/syn/line__21  File: D:/Users/marco/vivado/Scoreboard/Scoreboard.srcs/sources_1/new/Synchronizer.vhd
Note: ALL REGISTERS ARE 111111111
Time: 645 ns  Iteration: 1  Process: /Scoreboard_TB/SCORE/INCREASE/deb/line__22  File: D:/Users/marco/vivado/Scoreboard/Scoreboard.srcs/sources_1/new/Debouncer.vhd
Note: Synchronizer data_out Set 1
Time: 645 ns  Iteration: 1  Process: /Scoreboard_TB/SCORE/INCREASE/syn/line__21  File: D:/Users/marco/vivado/Scoreboard/Scoreboard.srcs/sources_1/new/Synchronizer.vhd
Note: ALL REGISTERS ARE 111111111
Time: 647500 ps  Iteration: 1  Process: /Scoreboard_TB/SCORE/INCREASE/deb/line__22  File: D:/Users/marco/vivado/Scoreboard/Scoreboard.srcs/sources_1/new/Debouncer.vhd
Note: Synchronizer data_out Set 0
Time: 647500 ps  Iteration: 1  Process: /Scoreboard_TB/SCORE/INCREASE/syn/line__21  File: D:/Users/marco/vivado/Scoreboard/Scoreboard.srcs/sources_1/new/Synchronizer.vhd
Note: ALL REGISTERS ARE 111111111
Time: 650 ns  Iteration: 1  Process: /Scoreboard_TB/SCORE/INCREASE/deb/line__22  File: D:/Users/marco/vivado/Scoreboard/Scoreboard.srcs/sources_1/new/Debouncer.vhd
Note: ALL REGISTERS ARE 111111111
Time: 652500 ps  Iteration: 1  Process: /Scoreboard_TB/SCORE/INCREASE/deb/line__22  File: D:/Users/marco/vivado/Scoreboard/Scoreboard.srcs/sources_1/new/Debouncer.vhd
Note: ALL REGISTERS ARE 111111111
Time: 655 ns  Iteration: 1  Process: /Scoreboard_TB/SCORE/INCREASE/deb/line__22  File: D:/Users/marco/vivado/Scoreboard/Scoreboard.srcs/sources_1/new/Debouncer.vhd
Note: ALL REGISTERS ARE 111111111
Time: 657500 ps  Iteration: 1  Process: /Scoreboard_TB/SCORE/INCREASE/deb/line__22  File: D:/Users/marco/vivado/Scoreboard/Scoreboard.srcs/sources_1/new/Debouncer.vhd
Note: ALL REGISTERS ARE 111111111
Time: 660 ns  Iteration: 1  Process: /Scoreboard_TB/SCORE/INCREASE/deb/line__22  File: D:/Users/marco/vivado/Scoreboard/Scoreboard.srcs/sources_1/new/Debouncer.vhd
Note: ALL REGISTERS ARE 111111111
Time: 662500 ps  Iteration: 1  Process: /Scoreboard_TB/SCORE/INCREASE/deb/line__22  File: D:/Users/marco/vivado/Scoreboard/Scoreboard.srcs/sources_1/new/Debouncer.vhd
Note: ALL REGISTERS ARE 111111111
Time: 665 ns  Iteration: 1  Process: /Scoreboard_TB/SCORE/INCREASE/deb/line__22  File: D:/Users/marco/vivado/Scoreboard/Scoreboard.srcs/sources_1/new/Debouncer.vhd
Note: ALL REGISTERS ARE 111111111
Time: 667500 ps  Iteration: 1  Process: /Scoreboard_TB/SCORE/INCREASE/deb/line__22  File: D:/Users/marco/vivado/Scoreboard/Scoreboard.srcs/sources_1/new/Debouncer.vhd
Note: ALL REGISTERS ARE 111111111
Time: 670 ns  Iteration: 1  Process: /Scoreboard_TB/SCORE/INCREASE/deb/line__22  File: D:/Users/marco/vivado/Scoreboard/Scoreboard.srcs/sources_1/new/Debouncer.vhd
Note: ALL REGISTERS ARE 111111111
Time: 672500 ps  Iteration: 1  Process: /Scoreboard_TB/SCORE/INCREASE/deb/line__22  File: D:/Users/marco/vivado/Scoreboard/Scoreboard.srcs/sources_1/new/Debouncer.vhd
Note: ALL REGISTERS ARE 111111111
Time: 675 ns  Iteration: 1  Process: /Scoreboard_TB/SCORE/INCREASE/deb/line__22  File: D:/Users/marco/vivado/Scoreboard/Scoreboard.srcs/sources_1/new/Debouncer.vhd
Note: ALL REGISTERS ARE 111111111
Time: 677500 ps  Iteration: 1  Process: /Scoreboard_TB/SCORE/INCREASE/deb/line__22  File: D:/Users/marco/vivado/Scoreboard/Scoreboard.srcs/sources_1/new/Debouncer.vhd
Note: ALL REGISTERS ARE 111111111
Time: 680 ns  Iteration: 1  Process: /Scoreboard_TB/SCORE/INCREASE/deb/line__22  File: D:/Users/marco/vivado/Scoreboard/Scoreboard.srcs/sources_1/new/Debouncer.vhd
Note: ALL REGISTERS ARE 111111111
Time: 682500 ps  Iteration: 1  Process: /Scoreboard_TB/SCORE/INCREASE/deb/line__22  File: D:/Users/marco/vivado/Scoreboard/Scoreboard.srcs/sources_1/new/Debouncer.vhd
Note: ALL REGISTERS ARE 111111111
Time: 685 ns  Iteration: 1  Process: /Scoreboard_TB/SCORE/INCREASE/deb/line__22  File: D:/Users/marco/vivado/Scoreboard/Scoreboard.srcs/sources_1/new/Debouncer.vhd
Note: ALL REGISTERS ARE 111111111
Time: 687500 ps  Iteration: 1  Process: /Scoreboard_TB/SCORE/INCREASE/deb/line__22  File: D:/Users/marco/vivado/Scoreboard/Scoreboard.srcs/sources_1/new/Debouncer.vhd
Note: ALL REGISTERS ARE 111111111
Time: 690 ns  Iteration: 1  Process: /Scoreboard_TB/SCORE/INCREASE/deb/line__22  File: D:/Users/marco/vivado/Scoreboard/Scoreboard.srcs/sources_1/new/Debouncer.vhd
Note: ALL REGISTERS ARE 111111111
Time: 692500 ps  Iteration: 1  Process: /Scoreboard_TB/SCORE/INCREASE/deb/line__22  File: D:/Users/marco/vivado/Scoreboard/Scoreboard.srcs/sources_1/new/Debouncer.vhd
Note: ALL REGISTERS ARE 111111111
Time: 695 ns  Iteration: 1  Process: /Scoreboard_TB/SCORE/INCREASE/deb/line__22  File: D:/Users/marco/vivado/Scoreboard/Scoreboard.srcs/sources_1/new/Debouncer.vhd
Note: ALL REGISTERS ARE 111111111
Time: 697500 ps  Iteration: 1  Process: /Scoreboard_TB/SCORE/INCREASE/deb/line__22  File: D:/Users/marco/vivado/Scoreboard/Scoreboard.srcs/sources_1/new/Debouncer.vhd
Note: ALL REGISTERS ARE 111111111
Time: 700 ns  Iteration: 1  Process: /Scoreboard_TB/SCORE/INCREASE/deb/line__22  File: D:/Users/marco/vivado/Scoreboard/Scoreboard.srcs/sources_1/new/Debouncer.vhd
Note: ALL REGISTERS ARE 111111111
Time: 742500 ps  Iteration: 1  Process: /Scoreboard_TB/SCORE/INCREASE/deb/line__22  File: D:/Users/marco/vivado/Scoreboard/Scoreboard.srcs/sources_1/new/Debouncer.vhd
Note: Synchronizer Flag Set 1
Time: 742500 ps  Iteration: 2  Process: /Scoreboard_TB/SCORE/INCREASE/syn/line__21  File: D:/Users/marco/vivado/Scoreboard/Scoreboard.srcs/sources_1/new/Synchronizer.vhd
Note: ALL REGISTERS ARE 111111111
Time: 745 ns  Iteration: 1  Process: /Scoreboard_TB/SCORE/INCREASE/deb/line__22  File: D:/Users/marco/vivado/Scoreboard/Scoreboard.srcs/sources_1/new/Debouncer.vhd
Note: Synchronizer data_out Set 1
Time: 745 ns  Iteration: 1  Process: /Scoreboard_TB/SCORE/INCREASE/syn/line__21  File: D:/Users/marco/vivado/Scoreboard/Scoreboard.srcs/sources_1/new/Synchronizer.vhd
Note: ALL REGISTERS ARE 111111111
Time: 747500 ps  Iteration: 1  Process: /Scoreboard_TB/SCORE/INCREASE/deb/line__22  File: D:/Users/marco/vivado/Scoreboard/Scoreboard.srcs/sources_1/new/Debouncer.vhd
Note: Synchronizer data_out Set 0
Time: 747500 ps  Iteration: 1  Process: /Scoreboard_TB/SCORE/INCREASE/syn/line__21  File: D:/Users/marco/vivado/Scoreboard/Scoreboard.srcs/sources_1/new/Synchronizer.vhd
Note: ALL REGISTERS ARE 111111111
Time: 750 ns  Iteration: 1  Process: /Scoreboard_TB/SCORE/INCREASE/deb/line__22  File: D:/Users/marco/vivado/Scoreboard/Scoreboard.srcs/sources_1/new/Debouncer.vhd
Note: ALL REGISTERS ARE 111111111
Time: 752500 ps  Iteration: 1  Process: /Scoreboard_TB/SCORE/INCREASE/deb/line__22  File: D:/Users/marco/vivado/Scoreboard/Scoreboard.srcs/sources_1/new/Debouncer.vhd
Note: ALL REGISTERS ARE 111111111
Time: 755 ns  Iteration: 1  Process: /Scoreboard_TB/SCORE/INCREASE/deb/line__22  File: D:/Users/marco/vivado/Scoreboard/Scoreboard.srcs/sources_1/new/Debouncer.vhd
Note: ALL REGISTERS ARE 111111111
Time: 757500 ps  Iteration: 1  Process: /Scoreboard_TB/SCORE/INCREASE/deb/line__22  File: D:/Users/marco/vivado/Scoreboard/Scoreboard.srcs/sources_1/new/Debouncer.vhd
Note: ALL REGISTERS ARE 111111111
Time: 760 ns  Iteration: 1  Process: /Scoreboard_TB/SCORE/INCREASE/deb/line__22  File: D:/Users/marco/vivado/Scoreboard/Scoreboard.srcs/sources_1/new/Debouncer.vhd
Note: ALL REGISTERS ARE 111111111
Time: 762500 ps  Iteration: 1  Process: /Scoreboard_TB/SCORE/INCREASE/deb/line__22  File: D:/Users/marco/vivado/Scoreboard/Scoreboard.srcs/sources_1/new/Debouncer.vhd
Note: ALL REGISTERS ARE 111111111
Time: 765 ns  Iteration: 1  Process: /Scoreboard_TB/SCORE/INCREASE/deb/line__22  File: D:/Users/marco/vivado/Scoreboard/Scoreboard.srcs/sources_1/new/Debouncer.vhd
Note: ALL REGISTERS ARE 111111111
Time: 767500 ps  Iteration: 1  Process: /Scoreboard_TB/SCORE/INCREASE/deb/line__22  File: D:/Users/marco/vivado/Scoreboard/Scoreboard.srcs/sources_1/new/Debouncer.vhd
Note: ALL REGISTERS ARE 111111111
Time: 770 ns  Iteration: 1  Process: /Scoreboard_TB/SCORE/INCREASE/deb/line__22  File: D:/Users/marco/vivado/Scoreboard/Scoreboard.srcs/sources_1/new/Debouncer.vhd
Note: ALL REGISTERS ARE 111111111
Time: 772500 ps  Iteration: 1  Process: /Scoreboard_TB/SCORE/INCREASE/deb/line__22  File: D:/Users/marco/vivado/Scoreboard/Scoreboard.srcs/sources_1/new/Debouncer.vhd
Note: ALL REGISTERS ARE 111111111
Time: 775 ns  Iteration: 1  Process: /Scoreboard_TB/SCORE/INCREASE/deb/line__22  File: D:/Users/marco/vivado/Scoreboard/Scoreboard.srcs/sources_1/new/Debouncer.vhd
Note: ALL REGISTERS ARE 111111111
Time: 777500 ps  Iteration: 1  Process: /Scoreboard_TB/SCORE/INCREASE/deb/line__22  File: D:/Users/marco/vivado/Scoreboard/Scoreboard.srcs/sources_1/new/Debouncer.vhd
Note: ALL REGISTERS ARE 111111111
Time: 780 ns  Iteration: 1  Process: /Scoreboard_TB/SCORE/INCREASE/deb/line__22  File: D:/Users/marco/vivado/Scoreboard/Scoreboard.srcs/sources_1/new/Debouncer.vhd
Note: ALL REGISTERS ARE 111111111
Time: 782500 ps  Iteration: 1  Process: /Scoreboard_TB/SCORE/INCREASE/deb/line__22  File: D:/Users/marco/vivado/Scoreboard/Scoreboard.srcs/sources_1/new/Debouncer.vhd
Note: ALL REGISTERS ARE 111111111
Time: 785 ns  Iteration: 1  Process: /Scoreboard_TB/SCORE/INCREASE/deb/line__22  File: D:/Users/marco/vivado/Scoreboard/Scoreboard.srcs/sources_1/new/Debouncer.vhd
Note: ALL REGISTERS ARE 111111111
Time: 787500 ps  Iteration: 1  Process: /Scoreboard_TB/SCORE/INCREASE/deb/line__22  File: D:/Users/marco/vivado/Scoreboard/Scoreboard.srcs/sources_1/new/Debouncer.vhd
Note: ALL REGISTERS ARE 111111111
Time: 790 ns  Iteration: 1  Process: /Scoreboard_TB/SCORE/INCREASE/deb/line__22  File: D:/Users/marco/vivado/Scoreboard/Scoreboard.srcs/sources_1/new/Debouncer.vhd
Note: ALL REGISTERS ARE 111111111
Time: 792500 ps  Iteration: 1  Process: /Scoreboard_TB/SCORE/INCREASE/deb/line__22  File: D:/Users/marco/vivado/Scoreboard/Scoreboard.srcs/sources_1/new/Debouncer.vhd
Note: ALL REGISTERS ARE 111111111
Time: 795 ns  Iteration: 1  Process: /Scoreboard_TB/SCORE/INCREASE/deb/line__22  File: D:/Users/marco/vivado/Scoreboard/Scoreboard.srcs/sources_1/new/Debouncer.vhd
Note: ALL REGISTERS ARE 111111111
Time: 797500 ps  Iteration: 1  Process: /Scoreboard_TB/SCORE/INCREASE/deb/line__22  File: D:/Users/marco/vivado/Scoreboard/Scoreboard.srcs/sources_1/new/Debouncer.vhd
Note: ALL REGISTERS ARE 111111111
Time: 800 ns  Iteration: 1  Process: /Scoreboard_TB/SCORE/INCREASE/deb/line__22  File: D:/Users/marco/vivado/Scoreboard/Scoreboard.srcs/sources_1/new/Debouncer.vhd
Note: ALL REGISTERS ARE 111111111
Time: 842500 ps  Iteration: 1  Process: /Scoreboard_TB/SCORE/INCREASE/deb/line__22  File: D:/Users/marco/vivado/Scoreboard/Scoreboard.srcs/sources_1/new/Debouncer.vhd
Note: Synchronizer Flag Set 1
Time: 842500 ps  Iteration: 2  Process: /Scoreboard_TB/SCORE/INCREASE/syn/line__21  File: D:/Users/marco/vivado/Scoreboard/Scoreboard.srcs/sources_1/new/Synchronizer.vhd
Note: ALL REGISTERS ARE 111111111
Time: 845 ns  Iteration: 1  Process: /Scoreboard_TB/SCORE/INCREASE/deb/line__22  File: D:/Users/marco/vivado/Scoreboard/Scoreboard.srcs/sources_1/new/Debouncer.vhd
Note: Synchronizer data_out Set 1
Time: 845 ns  Iteration: 1  Process: /Scoreboard_TB/SCORE/INCREASE/syn/line__21  File: D:/Users/marco/vivado/Scoreboard/Scoreboard.srcs/sources_1/new/Synchronizer.vhd
Note: ALL REGISTERS ARE 111111111
Time: 847500 ps  Iteration: 1  Process: /Scoreboard_TB/SCORE/INCREASE/deb/line__22  File: D:/Users/marco/vivado/Scoreboard/Scoreboard.srcs/sources_1/new/Debouncer.vhd
Note: Synchronizer data_out Set 0
Time: 847500 ps  Iteration: 1  Process: /Scoreboard_TB/SCORE/INCREASE/syn/line__21  File: D:/Users/marco/vivado/Scoreboard/Scoreboard.srcs/sources_1/new/Synchronizer.vhd
Note: ALL REGISTERS ARE 111111111
Time: 850 ns  Iteration: 1  Process: /Scoreboard_TB/SCORE/INCREASE/deb/line__22  File: D:/Users/marco/vivado/Scoreboard/Scoreboard.srcs/sources_1/new/Debouncer.vhd
Note: ALL REGISTERS ARE 111111111
Time: 852500 ps  Iteration: 1  Process: /Scoreboard_TB/SCORE/INCREASE/deb/line__22  File: D:/Users/marco/vivado/Scoreboard/Scoreboard.srcs/sources_1/new/Debouncer.vhd
Note: ALL REGISTERS ARE 111111111
Time: 855 ns  Iteration: 1  Process: /Scoreboard_TB/SCORE/INCREASE/deb/line__22  File: D:/Users/marco/vivado/Scoreboard/Scoreboard.srcs/sources_1/new/Debouncer.vhd
Note: ALL REGISTERS ARE 111111111
Time: 857500 ps  Iteration: 1  Process: /Scoreboard_TB/SCORE/INCREASE/deb/line__22  File: D:/Users/marco/vivado/Scoreboard/Scoreboard.srcs/sources_1/new/Debouncer.vhd
Note: ALL REGISTERS ARE 111111111
Time: 860 ns  Iteration: 1  Process: /Scoreboard_TB/SCORE/INCREASE/deb/line__22  File: D:/Users/marco/vivado/Scoreboard/Scoreboard.srcs/sources_1/new/Debouncer.vhd
Note: ALL REGISTERS ARE 111111111
Time: 862500 ps  Iteration: 1  Process: /Scoreboard_TB/SCORE/INCREASE/deb/line__22  File: D:/Users/marco/vivado/Scoreboard/Scoreboard.srcs/sources_1/new/Debouncer.vhd
Note: ALL REGISTERS ARE 111111111
Time: 865 ns  Iteration: 1  Process: /Scoreboard_TB/SCORE/INCREASE/deb/line__22  File: D:/Users/marco/vivado/Scoreboard/Scoreboard.srcs/sources_1/new/Debouncer.vhd
Note: ALL REGISTERS ARE 111111111
Time: 867500 ps  Iteration: 1  Process: /Scoreboard_TB/SCORE/INCREASE/deb/line__22  File: D:/Users/marco/vivado/Scoreboard/Scoreboard.srcs/sources_1/new/Debouncer.vhd
Note: ALL REGISTERS ARE 111111111
Time: 870 ns  Iteration: 1  Process: /Scoreboard_TB/SCORE/INCREASE/deb/line__22  File: D:/Users/marco/vivado/Scoreboard/Scoreboard.srcs/sources_1/new/Debouncer.vhd
Note: ALL REGISTERS ARE 111111111
Time: 872500 ps  Iteration: 1  Process: /Scoreboard_TB/SCORE/INCREASE/deb/line__22  File: D:/Users/marco/vivado/Scoreboard/Scoreboard.srcs/sources_1/new/Debouncer.vhd
Note: ALL REGISTERS ARE 111111111
Time: 875 ns  Iteration: 1  Process: /Scoreboard_TB/SCORE/INCREASE/deb/line__22  File: D:/Users/marco/vivado/Scoreboard/Scoreboard.srcs/sources_1/new/Debouncer.vhd
Note: ALL REGISTERS ARE 111111111
Time: 877500 ps  Iteration: 1  Process: /Scoreboard_TB/SCORE/INCREASE/deb/line__22  File: D:/Users/marco/vivado/Scoreboard/Scoreboard.srcs/sources_1/new/Debouncer.vhd
Note: ALL REGISTERS ARE 111111111
Time: 880 ns  Iteration: 1  Process: /Scoreboard_TB/SCORE/INCREASE/deb/line__22  File: D:/Users/marco/vivado/Scoreboard/Scoreboard.srcs/sources_1/new/Debouncer.vhd
Note: ALL REGISTERS ARE 111111111
Time: 882500 ps  Iteration: 1  Process: /Scoreboard_TB/SCORE/INCREASE/deb/line__22  File: D:/Users/marco/vivado/Scoreboard/Scoreboard.srcs/sources_1/new/Debouncer.vhd
Note: ALL REGISTERS ARE 111111111
Time: 885 ns  Iteration: 1  Process: /Scoreboard_TB/SCORE/INCREASE/deb/line__22  File: D:/Users/marco/vivado/Scoreboard/Scoreboard.srcs/sources_1/new/Debouncer.vhd
Note: ALL REGISTERS ARE 111111111
Time: 887500 ps  Iteration: 1  Process: /Scoreboard_TB/SCORE/INCREASE/deb/line__22  File: D:/Users/marco/vivado/Scoreboard/Scoreboard.srcs/sources_1/new/Debouncer.vhd
Note: ALL REGISTERS ARE 111111111
Time: 890 ns  Iteration: 1  Process: /Scoreboard_TB/SCORE/INCREASE/deb/line__22  File: D:/Users/marco/vivado/Scoreboard/Scoreboard.srcs/sources_1/new/Debouncer.vhd
Note: ALL REGISTERS ARE 111111111
Time: 892500 ps  Iteration: 1  Process: /Scoreboard_TB/SCORE/INCREASE/deb/line__22  File: D:/Users/marco/vivado/Scoreboard/Scoreboard.srcs/sources_1/new/Debouncer.vhd
Note: ALL REGISTERS ARE 111111111
Time: 895 ns  Iteration: 1  Process: /Scoreboard_TB/SCORE/INCREASE/deb/line__22  File: D:/Users/marco/vivado/Scoreboard/Scoreboard.srcs/sources_1/new/Debouncer.vhd
Note: ALL REGISTERS ARE 111111111
Time: 897500 ps  Iteration: 1  Process: /Scoreboard_TB/SCORE/INCREASE/deb/line__22  File: D:/Users/marco/vivado/Scoreboard/Scoreboard.srcs/sources_1/new/Debouncer.vhd
Note: ALL REGISTERS ARE 111111111
Time: 900 ns  Iteration: 1  Process: /Scoreboard_TB/SCORE/INCREASE/deb/line__22  File: D:/Users/marco/vivado/Scoreboard/Scoreboard.srcs/sources_1/new/Debouncer.vhd
Note: ALL REGISTERS ARE 111111111
Time: 942500 ps  Iteration: 1  Process: /Scoreboard_TB/SCORE/INCREASE/deb/line__22  File: D:/Users/marco/vivado/Scoreboard/Scoreboard.srcs/sources_1/new/Debouncer.vhd
Note: Synchronizer Flag Set 1
Time: 942500 ps  Iteration: 2  Process: /Scoreboard_TB/SCORE/INCREASE/syn/line__21  File: D:/Users/marco/vivado/Scoreboard/Scoreboard.srcs/sources_1/new/Synchronizer.vhd
Note: ALL REGISTERS ARE 111111111
Time: 945 ns  Iteration: 1  Process: /Scoreboard_TB/SCORE/INCREASE/deb/line__22  File: D:/Users/marco/vivado/Scoreboard/Scoreboard.srcs/sources_1/new/Debouncer.vhd
Note: Synchronizer data_out Set 1
Time: 945 ns  Iteration: 1  Process: /Scoreboard_TB/SCORE/INCREASE/syn/line__21  File: D:/Users/marco/vivado/Scoreboard/Scoreboard.srcs/sources_1/new/Synchronizer.vhd
Note: ALL REGISTERS ARE 111111111
Time: 947500 ps  Iteration: 1  Process: /Scoreboard_TB/SCORE/INCREASE/deb/line__22  File: D:/Users/marco/vivado/Scoreboard/Scoreboard.srcs/sources_1/new/Debouncer.vhd
Note: Synchronizer data_out Set 0
Time: 947500 ps  Iteration: 1  Process: /Scoreboard_TB/SCORE/INCREASE/syn/line__21  File: D:/Users/marco/vivado/Scoreboard/Scoreboard.srcs/sources_1/new/Synchronizer.vhd
Note: ALL REGISTERS ARE 111111111
Time: 950 ns  Iteration: 1  Process: /Scoreboard_TB/SCORE/INCREASE/deb/line__22  File: D:/Users/marco/vivado/Scoreboard/Scoreboard.srcs/sources_1/new/Debouncer.vhd
Note: ALL REGISTERS ARE 111111111
Time: 952500 ps  Iteration: 1  Process: /Scoreboard_TB/SCORE/INCREASE/deb/line__22  File: D:/Users/marco/vivado/Scoreboard/Scoreboard.srcs/sources_1/new/Debouncer.vhd
Note: ALL REGISTERS ARE 111111111
Time: 955 ns  Iteration: 1  Process: /Scoreboard_TB/SCORE/INCREASE/deb/line__22  File: D:/Users/marco/vivado/Scoreboard/Scoreboard.srcs/sources_1/new/Debouncer.vhd
Note: ALL REGISTERS ARE 111111111
Time: 957500 ps  Iteration: 1  Process: /Scoreboard_TB/SCORE/INCREASE/deb/line__22  File: D:/Users/marco/vivado/Scoreboard/Scoreboard.srcs/sources_1/new/Debouncer.vhd
Note: ALL REGISTERS ARE 111111111
Time: 960 ns  Iteration: 1  Process: /Scoreboard_TB/SCORE/INCREASE/deb/line__22  File: D:/Users/marco/vivado/Scoreboard/Scoreboard.srcs/sources_1/new/Debouncer.vhd
Note: ALL REGISTERS ARE 111111111
Time: 962500 ps  Iteration: 1  Process: /Scoreboard_TB/SCORE/INCREASE/deb/line__22  File: D:/Users/marco/vivado/Scoreboard/Scoreboard.srcs/sources_1/new/Debouncer.vhd
Note: ALL REGISTERS ARE 111111111
Time: 965 ns  Iteration: 1  Process: /Scoreboard_TB/SCORE/INCREASE/deb/line__22  File: D:/Users/marco/vivado/Scoreboard/Scoreboard.srcs/sources_1/new/Debouncer.vhd
Note: ALL REGISTERS ARE 111111111
Time: 967500 ps  Iteration: 1  Process: /Scoreboard_TB/SCORE/INCREASE/deb/line__22  File: D:/Users/marco/vivado/Scoreboard/Scoreboard.srcs/sources_1/new/Debouncer.vhd
Note: ALL REGISTERS ARE 111111111
Time: 970 ns  Iteration: 1  Process: /Scoreboard_TB/SCORE/INCREASE/deb/line__22  File: D:/Users/marco/vivado/Scoreboard/Scoreboard.srcs/sources_1/new/Debouncer.vhd
Note: ALL REGISTERS ARE 111111111
Time: 972500 ps  Iteration: 1  Process: /Scoreboard_TB/SCORE/INCREASE/deb/line__22  File: D:/Users/marco/vivado/Scoreboard/Scoreboard.srcs/sources_1/new/Debouncer.vhd
Note: ALL REGISTERS ARE 111111111
Time: 975 ns  Iteration: 1  Process: /Scoreboard_TB/SCORE/INCREASE/deb/line__22  File: D:/Users/marco/vivado/Scoreboard/Scoreboard.srcs/sources_1/new/Debouncer.vhd
Note: ALL REGISTERS ARE 111111111
Time: 977500 ps  Iteration: 1  Process: /Scoreboard_TB/SCORE/INCREASE/deb/line__22  File: D:/Users/marco/vivado/Scoreboard/Scoreboard.srcs/sources_1/new/Debouncer.vhd
Note: ALL REGISTERS ARE 111111111
Time: 980 ns  Iteration: 1  Process: /Scoreboard_TB/SCORE/INCREASE/deb/line__22  File: D:/Users/marco/vivado/Scoreboard/Scoreboard.srcs/sources_1/new/Debouncer.vhd
Note: ALL REGISTERS ARE 111111111
Time: 982500 ps  Iteration: 1  Process: /Scoreboard_TB/SCORE/INCREASE/deb/line__22  File: D:/Users/marco/vivado/Scoreboard/Scoreboard.srcs/sources_1/new/Debouncer.vhd
Note: ALL REGISTERS ARE 111111111
Time: 985 ns  Iteration: 1  Process: /Scoreboard_TB/SCORE/INCREASE/deb/line__22  File: D:/Users/marco/vivado/Scoreboard/Scoreboard.srcs/sources_1/new/Debouncer.vhd
Note: ALL REGISTERS ARE 111111111
Time: 987500 ps  Iteration: 1  Process: /Scoreboard_TB/SCORE/INCREASE/deb/line__22  File: D:/Users/marco/vivado/Scoreboard/Scoreboard.srcs/sources_1/new/Debouncer.vhd
Note: ALL REGISTERS ARE 111111111
Time: 990 ns  Iteration: 1  Process: /Scoreboard_TB/SCORE/INCREASE/deb/line__22  File: D:/Users/marco/vivado/Scoreboard/Scoreboard.srcs/sources_1/new/Debouncer.vhd
Note: ALL REGISTERS ARE 111111111
Time: 992500 ps  Iteration: 1  Process: /Scoreboard_TB/SCORE/INCREASE/deb/line__22  File: D:/Users/marco/vivado/Scoreboard/Scoreboard.srcs/sources_1/new/Debouncer.vhd
Note: ALL REGISTERS ARE 111111111
Time: 995 ns  Iteration: 1  Process: /Scoreboard_TB/SCORE/INCREASE/deb/line__22  File: D:/Users/marco/vivado/Scoreboard/Scoreboard.srcs/sources_1/new/Debouncer.vhd
Note: ALL REGISTERS ARE 111111111
Time: 997500 ps  Iteration: 1  Process: /Scoreboard_TB/SCORE/INCREASE/deb/line__22  File: D:/Users/marco/vivado/Scoreboard/Scoreboard.srcs/sources_1/new/Debouncer.vhd
Note: ALL REGISTERS ARE 111111111
Time: 1 us  Iteration: 1  Process: /Scoreboard_TB/SCORE/INCREASE/deb/line__22  File: D:/Users/marco/vivado/Scoreboard/Scoreboard.srcs/sources_1/new/Debouncer.vhd
